<?xml version="1.0" encoding="UTF-8"?>
<robot generator="Robot 6.1.1 (Python 3.11.9 on win32)" generated="20241118 13:58:57.942" rpa="false" schemaversion="4">
<suite id="s1" name="Register" source="C:\Users\Leone\mluukclone\viikko3\web-login\src\tests\register.robot">
<kw name="Open And Configure Browser" library="resource" type="SETUP">
<if>
<branch type="IF" condition="$BROWSER == 'chrome'">
<kw name="Evaluate" library="BuiltIn">
<var>${options}</var>
<arg>sys.modules['selenium.webdriver'].ChromeOptions()</arg>
<arg>sys</arg>
<doc>Evaluates the given expression in Python and returns the result.</doc>
<msg timestamp="20241118 13:58:58.756" level="INFO">${options} = &lt;selenium.webdriver.chrome.options.Options object at 0x00000168624D1BD0&gt;</msg>
<status status="PASS" starttime="20241118 13:58:58.756" endtime="20241118 13:58:58.756"/>
</kw>
<status status="PASS" starttime="20241118 13:58:58.756" endtime="20241118 13:58:58.756"/>
</branch>
<branch type="ELSE IF" condition="$BROWSER == 'firefox'">
<kw name="Evaluate" library="BuiltIn">
<var>${options}</var>
<arg>sys.modules['selenium.webdriver'].FirefoxOptions()</arg>
<arg>sys</arg>
<doc>Evaluates the given expression in Python and returns the result.</doc>
<status status="NOT RUN" starttime="20241118 13:58:58.756" endtime="20241118 13:58:58.756"/>
</kw>
<status status="NOT RUN" starttime="20241118 13:58:58.756" endtime="20241118 13:58:58.756"/>
</branch>
<status status="PASS" starttime="20241118 13:58:58.756" endtime="20241118 13:58:58.756"/>
</if>
<if>
<branch type="IF" condition="$HEADLESS == 'true'">
<kw name="Set Selenium Speed" library="SeleniumLibrary">
<arg>0</arg>
<doc>Sets the delay that is waited after each Selenium command.</doc>
<status status="NOT RUN" starttime="20241118 13:58:58.756" endtime="20241118 13:58:58.756"/>
</kw>
<kw name="Call Method" library="BuiltIn">
<arg>${options}</arg>
<arg>add_argument</arg>
<arg>--headless</arg>
<doc>Calls the named method of the given object with the provided arguments.</doc>
<status status="NOT RUN" starttime="20241118 13:58:58.756" endtime="20241118 13:58:58.756"/>
</kw>
<status status="NOT RUN" starttime="20241118 13:58:58.756" endtime="20241118 13:58:58.756"/>
</branch>
<branch type="ELSE">
<kw name="Set Selenium Speed" library="SeleniumLibrary">
<arg>${DELAY}</arg>
<doc>Sets the delay that is waited after each Selenium command.</doc>
<status status="PASS" starttime="20241118 13:58:58.756" endtime="20241118 13:58:58.756"/>
</kw>
<status status="PASS" starttime="20241118 13:58:58.756" endtime="20241118 13:58:58.756"/>
</branch>
<status status="PASS" starttime="20241118 13:58:58.756" endtime="20241118 13:58:58.756"/>
</if>
<kw name="Open Browser" library="SeleniumLibrary">
<arg>browser=${BROWSER}</arg>
<arg>options=${options}</arg>
<doc>Opens a new browser instance to the optional ``url``.</doc>
<msg timestamp="20241118 13:58:58.756" level="INFO">Opening browser 'chrome' to base url 'None'.</msg>
<status status="PASS" starttime="20241118 13:58:58.756" endtime="20241118 13:59:00.404"/>
</kw>
<status status="PASS" starttime="20241118 13:58:58.756" endtime="20241118 13:59:00.404"/>
</kw>
<test id="s1-t1" name="Register With Valid Username And Password" line="9">
<kw name="Reset Application Create User And Go To Register Page" type="SETUP">
<kw name="Reset Application" library="AppLibrary">
<status status="PASS" starttime="20241118 13:59:00.413" endtime="20241118 13:59:02.438"/>
</kw>
<kw name="Create User" library="AppLibrary">
<arg>Opaa</arg>
<arg>Heppa123</arg>
<status status="PASS" starttime="20241118 13:59:02.438" endtime="20241118 13:59:06.509"/>
</kw>
<kw name="Go To Register Page" library="resource">
<kw name="Go To ${REGISTER_URL}">
<msg timestamp="20241118 13:59:06.520" level="FAIL">No keyword with name 'Go To ${REGISTER_URL}' found. Did you try using keyword 'SeleniumLibrary.Go To' and forgot to use enough whitespace between keyword and arguments?</msg>
<status status="FAIL" starttime="20241118 13:59:06.520" endtime="20241118 13:59:06.520"/>
</kw>
<status status="FAIL" starttime="20241118 13:59:06.509" endtime="20241118 13:59:06.520"/>
</kw>
<status status="FAIL" starttime="20241118 13:59:00.413" endtime="20241118 13:59:06.520"/>
</kw>
<status status="FAIL" starttime="20241118 13:59:00.413" endtime="20241118 13:59:06.520">Setup failed:
No keyword with name 'Go To ${REGISTER_URL}' found. Did you try using keyword 'SeleniumLibrary.Go To' and forgot to use enough whitespace between keyword and arguments?</status>
</test>
<test id="s1-t2" name="Register With Too Short Username And Valid Password" line="17">
<status status="FAIL" starttime="20241118 13:59:06.520" endtime="20241118 13:59:06.520">Test cannot be empty.</status>
</test>
<test id="s1-t3" name="Register With Valid Username And Too Short Password" line="20">
<status status="FAIL" starttime="20241118 13:59:06.520" endtime="20241118 13:59:06.520">Test cannot be empty.</status>
</test>
<test id="s1-t4" name="Register With Valid Username And Invalid Password" line="23">
<status status="FAIL" starttime="20241118 13:59:06.520" endtime="20241118 13:59:06.520">Test cannot be empty.</status>
</test>
<test id="s1-t5" name="Register With Nonmatching Password And Password Confirmation" line="27">
<status status="FAIL" starttime="20241118 13:59:06.520" endtime="20241118 13:59:06.520">Test cannot be empty.</status>
</test>
<test id="s1-t6" name="Register With Username That Is Already In Use" line="30">
<status status="FAIL" starttime="20241118 13:59:06.520" endtime="20241118 13:59:06.520">Test cannot be empty.</status>
</test>
<kw name="Close Browser" library="SeleniumLibrary" type="TEARDOWN">
<doc>Closes the current browser.</doc>
<status status="PASS" starttime="20241118 13:59:06.520" endtime="20241118 13:59:09.110"/>
</kw>
<status status="FAIL" starttime="20241118 13:58:57.942" endtime="20241118 13:59:09.110"/>
</suite>
<statistics>
<total>
<stat pass="0" fail="6" skip="0">All Tests</stat>
</total>
<tag>
</tag>
<suite>
<stat pass="0" fail="6" skip="0" id="s1" name="Register">Register</stat>
</suite>
</statistics>
<errors>
</errors>
</robot>
