<?xml version="1.0" encoding="UTF-8"?>
<robot generator="Robot 6.1.1 (Python 3.11.9 on win32)" generated="20241118 13:43:07.665" rpa="false" schemaversion="4">
<suite id="s1" name="Login" source="C:\Users\Leone\mluukclone\viikko3\web-login\src\tests\login.robot">
<kw name="Open And Configure Browser" library="resource" type="SETUP">
<if>
<branch type="IF" condition="$BROWSER == 'chrome'">
<kw name="Evaluate" library="BuiltIn">
<var>${options}</var>
<arg>sys.modules['selenium.webdriver'].ChromeOptions()</arg>
<arg>sys</arg>
<doc>Evaluates the given expression in Python and returns the result.</doc>
<msg timestamp="20241118 13:43:08.447" level="INFO">${options} = &lt;selenium.webdriver.chrome.options.Options object at 0x00000183171D1F90&gt;</msg>
<status status="PASS" starttime="20241118 13:43:08.447" endtime="20241118 13:43:08.447"/>
</kw>
<status status="PASS" starttime="20241118 13:43:08.447" endtime="20241118 13:43:08.447"/>
</branch>
<branch type="ELSE IF" condition="$BROWSER == 'firefox'">
<kw name="Evaluate" library="BuiltIn">
<var>${options}</var>
<arg>sys.modules['selenium.webdriver'].FirefoxOptions()</arg>
<arg>sys</arg>
<doc>Evaluates the given expression in Python and returns the result.</doc>
<status status="NOT RUN" starttime="20241118 13:43:08.447" endtime="20241118 13:43:08.447"/>
</kw>
<status status="NOT RUN" starttime="20241118 13:43:08.447" endtime="20241118 13:43:08.447"/>
</branch>
<status status="PASS" starttime="20241118 13:43:08.447" endtime="20241118 13:43:08.447"/>
</if>
<if>
<branch type="IF" condition="$HEADLESS == 'true'">
<kw name="Set Selenium Speed" library="SeleniumLibrary">
<arg>0</arg>
<doc>Sets the delay that is waited after each Selenium command.</doc>
<status status="NOT RUN" starttime="20241118 13:43:08.447" endtime="20241118 13:43:08.447"/>
</kw>
<kw name="Call Method" library="BuiltIn">
<arg>${options}</arg>
<arg>add_argument</arg>
<arg>--headless</arg>
<doc>Calls the named method of the given object with the provided arguments.</doc>
<status status="NOT RUN" starttime="20241118 13:43:08.447" endtime="20241118 13:43:08.447"/>
</kw>
<status status="NOT RUN" starttime="20241118 13:43:08.447" endtime="20241118 13:43:08.447"/>
</branch>
<branch type="ELSE">
<kw name="Set Selenium Speed" library="SeleniumLibrary">
<arg>${DELAY}</arg>
<doc>Sets the delay that is waited after each Selenium command.</doc>
<status status="PASS" starttime="20241118 13:43:08.447" endtime="20241118 13:43:08.463"/>
</kw>
<status status="PASS" starttime="20241118 13:43:08.447" endtime="20241118 13:43:08.463"/>
</branch>
<status status="PASS" starttime="20241118 13:43:08.447" endtime="20241118 13:43:08.463"/>
</if>
<kw name="Open Browser" library="SeleniumLibrary">
<arg>browser=${BROWSER}</arg>
<arg>options=${options}</arg>
<doc>Opens a new browser instance to the optional ``url``.</doc>
<msg timestamp="20241118 13:43:08.463" level="INFO">Opening browser 'chrome' to base url 'None'.</msg>
<status status="PASS" starttime="20241118 13:43:08.463" endtime="20241118 13:43:10.128"/>
</kw>
<status status="PASS" starttime="20241118 13:43:08.447" endtime="20241118 13:43:10.128"/>
</kw>
<test id="s1-t1" name="Login With Correct Credentials" line="8">
<kw name="Reset Application Create User And Go To Login Page" type="SETUP">
<kw name="Reset Application" library="AppLibrary">
<status status="PASS" starttime="20241118 13:43:10.128" endtime="20241118 13:43:12.161"/>
</kw>
<kw name="Create User" library="AppLibrary">
<arg>kalle</arg>
<arg>kalle123</arg>
<status status="PASS" starttime="20241118 13:43:12.161" endtime="20241118 13:43:16.208"/>
</kw>
<kw name="Go To Login Page" library="resource">
<kw name="Go To" library="SeleniumLibrary">
<arg>${LOGIN_URL}</arg>
<doc>Navigates the current browser window to the provided ``url``.</doc>
<msg timestamp="20241118 13:43:16.208" level="INFO">Opening url 'http://localhost:5001/login'</msg>
<status status="PASS" starttime="20241118 13:43:16.208" endtime="20241118 13:43:17.081"/>
</kw>
<status status="PASS" starttime="20241118 13:43:16.208" endtime="20241118 13:43:17.081"/>
</kw>
<status status="PASS" starttime="20241118 13:43:10.128" endtime="20241118 13:43:17.081"/>
</kw>
<kw name="Set Username">
<arg>kalle</arg>
<kw name="Input Text" library="SeleniumLibrary">
<arg>username</arg>
<arg>${username}</arg>
<doc>Types the given ``text`` into the text field identified by ``locator``.</doc>
<msg timestamp="20241118 13:43:17.082" level="INFO">Typing text 'kalle' into text field 'username'.</msg>
<status status="PASS" starttime="20241118 13:43:17.081" endtime="20241118 13:43:18.764"/>
</kw>
<status status="PASS" starttime="20241118 13:43:17.081" endtime="20241118 13:43:18.764"/>
</kw>
<kw name="Set Password">
<arg>kalle123</arg>
<kw name="Input Password" library="SeleniumLibrary">
<arg>password</arg>
<arg>${password}</arg>
<doc>Types the given password into the text field identified by ``locator``.</doc>
<msg timestamp="20241118 13:43:18.764" level="INFO">Typing password into text field 'password'.</msg>
<msg timestamp="20241118 13:43:19.819" level="INFO">Temporally setting log level to: NONE</msg>
<msg timestamp="20241118 13:43:20.387" level="INFO">Log level changed from NONE to INFO.</msg>
<status status="PASS" starttime="20241118 13:43:18.764" endtime="20241118 13:43:20.387"/>
</kw>
<status status="PASS" starttime="20241118 13:43:18.764" endtime="20241118 13:43:20.387"/>
</kw>
<kw name="Submit Credentials">
<kw name="Click Button" library="SeleniumLibrary">
<arg>Login</arg>
<doc>Clicks the button identified by ``locator``.</doc>
<msg timestamp="20241118 13:43:20.387" level="INFO">Clicking button 'Login'.</msg>
<status status="PASS" starttime="20241118 13:43:20.387" endtime="20241118 13:43:22.843"/>
</kw>
<status status="PASS" starttime="20241118 13:43:20.387" endtime="20241118 13:43:22.843"/>
</kw>
<kw name="Login Should Succeed">
<kw name="Main Page Should Be Open" library="resource">
<kw name="Title Should Be" library="SeleniumLibrary">
<arg>Ohtu Application main page</arg>
<doc>Verifies that the current page title equals ``title``.</doc>
<msg timestamp="20241118 13:43:23.353" level="INFO">Page title is 'Ohtu Application main page'.</msg>
<status status="PASS" starttime="20241118 13:43:22.843" endtime="20241118 13:43:23.353"/>
</kw>
<status status="PASS" starttime="20241118 13:43:22.843" endtime="20241118 13:43:23.353"/>
</kw>
<status status="PASS" starttime="20241118 13:43:22.843" endtime="20241118 13:43:23.353"/>
</kw>
<status status="PASS" starttime="20241118 13:43:10.128" endtime="20241118 13:43:23.353"/>
</test>
<test id="s1-t2" name="Login With Incorrect Password" line="14">
<kw name="Reset Application Create User And Go To Login Page" type="SETUP">
<kw name="Reset Application" library="AppLibrary">
<status status="PASS" starttime="20241118 13:43:23.353" endtime="20241118 13:43:25.363"/>
</kw>
<kw name="Create User" library="AppLibrary">
<arg>kalle</arg>
<arg>kalle123</arg>
<status status="PASS" starttime="20241118 13:43:25.363" endtime="20241118 13:43:29.417"/>
</kw>
<kw name="Go To Login Page" library="resource">
<kw name="Go To" library="SeleniumLibrary">
<arg>${LOGIN_URL}</arg>
<doc>Navigates the current browser window to the provided ``url``.</doc>
<msg timestamp="20241118 13:43:29.417" level="INFO">Opening url 'http://localhost:5001/login'</msg>
<status status="PASS" starttime="20241118 13:43:29.417" endtime="20241118 13:43:29.968"/>
</kw>
<status status="PASS" starttime="20241118 13:43:29.417" endtime="20241118 13:43:29.968"/>
</kw>
<status status="PASS" starttime="20241118 13:43:23.353" endtime="20241118 13:43:29.968"/>
</kw>
<kw name="Set Username">
<arg>kalle</arg>
<kw name="Input Text" library="SeleniumLibrary">
<arg>username</arg>
<arg>${username}</arg>
<doc>Types the given ``text`` into the text field identified by ``locator``.</doc>
<msg timestamp="20241118 13:43:29.968" level="INFO">Typing text 'kalle' into text field 'username'.</msg>
<status status="PASS" starttime="20241118 13:43:29.968" endtime="20241118 13:43:31.584"/>
</kw>
<status status="PASS" starttime="20241118 13:43:29.968" endtime="20241118 13:43:31.584"/>
</kw>
<kw name="Set Password">
<arg>kalle456</arg>
<kw name="Input Password" library="SeleniumLibrary">
<arg>password</arg>
<arg>${password}</arg>
<doc>Types the given password into the text field identified by ``locator``.</doc>
<msg timestamp="20241118 13:43:31.584" level="INFO">Typing password into text field 'password'.</msg>
<msg timestamp="20241118 13:43:32.649" level="INFO">Temporally setting log level to: NONE</msg>
<msg timestamp="20241118 13:43:33.220" level="INFO">Log level changed from NONE to INFO.</msg>
<status status="PASS" starttime="20241118 13:43:31.584" endtime="20241118 13:43:33.220"/>
</kw>
<status status="PASS" starttime="20241118 13:43:31.584" endtime="20241118 13:43:33.220"/>
</kw>
<kw name="Submit Credentials">
<kw name="Click Button" library="SeleniumLibrary">
<arg>Login</arg>
<doc>Clicks the button identified by ``locator``.</doc>
<msg timestamp="20241118 13:43:33.223" level="INFO">Clicking button 'Login'.</msg>
<status status="PASS" starttime="20241118 13:43:33.220" endtime="20241118 13:43:35.684"/>
</kw>
<status status="PASS" starttime="20241118 13:43:33.220" endtime="20241118 13:43:35.684"/>
</kw>
<kw name="Login Should Fail With Message">
<arg>Invalid username or password</arg>
<kw name="Login Page Should Be Open" library="resource">
<kw name="Title Should Be" library="SeleniumLibrary">
<arg>Login</arg>
<doc>Verifies that the current page title equals ``title``.</doc>
<msg timestamp="20241118 13:43:36.196" level="INFO">Page title is 'Login'.</msg>
<status status="PASS" starttime="20241118 13:43:35.684" endtime="20241118 13:43:36.196"/>
</kw>
<status status="PASS" starttime="20241118 13:43:35.684" endtime="20241118 13:43:36.196"/>
</kw>
<kw name="Page Should Contain" library="SeleniumLibrary">
<arg>${message}</arg>
<doc>Verifies that current page contains ``text``.</doc>
<msg timestamp="20241118 13:43:37.224" level="INFO">Current page contains text 'Invalid username or password'.</msg>
<status status="PASS" starttime="20241118 13:43:36.196" endtime="20241118 13:43:37.224"/>
</kw>
<status status="PASS" starttime="20241118 13:43:35.684" endtime="20241118 13:43:37.224"/>
</kw>
<status status="PASS" starttime="20241118 13:43:23.353" endtime="20241118 13:43:37.224"/>
</test>
<test id="s1-t3" name="Login With Nonexistent Username" line="20">
<kw name="Reset Application Create User And Go To Login Page" type="SETUP">
<kw name="Reset Application" library="AppLibrary">
<status status="PASS" starttime="20241118 13:43:37.224" endtime="20241118 13:43:39.261"/>
</kw>
<kw name="Create User" library="AppLibrary">
<arg>kalle</arg>
<arg>kalle123</arg>
<status status="PASS" starttime="20241118 13:43:39.261" endtime="20241118 13:43:43.310"/>
</kw>
<kw name="Go To Login Page" library="resource">
<kw name="Go To" library="SeleniumLibrary">
<arg>${LOGIN_URL}</arg>
<doc>Navigates the current browser window to the provided ``url``.</doc>
<msg timestamp="20241118 13:43:43.310" level="INFO">Opening url 'http://localhost:5001/login'</msg>
<status status="PASS" starttime="20241118 13:43:43.310" endtime="20241118 13:43:43.831"/>
</kw>
<status status="PASS" starttime="20241118 13:43:43.310" endtime="20241118 13:43:43.831"/>
</kw>
<status status="PASS" starttime="20241118 13:43:37.224" endtime="20241118 13:43:43.831"/>
</kw>
<kw name="Set Username">
<arg>nonexistent_user</arg>
<kw name="Input Text" library="SeleniumLibrary">
<arg>username</arg>
<arg>${username}</arg>
<doc>Types the given ``text`` into the text field identified by ``locator``.</doc>
<msg timestamp="20241118 13:43:43.831" level="INFO">Typing text 'nonexistent_user' into text field 'username'.</msg>
<status status="PASS" starttime="20241118 13:43:43.831" endtime="20241118 13:43:45.461"/>
</kw>
<status status="PASS" starttime="20241118 13:43:43.831" endtime="20241118 13:43:45.461"/>
</kw>
<kw name="Set Password">
<arg>somepassword</arg>
<kw name="Input Password" library="SeleniumLibrary">
<arg>password</arg>
<arg>${password}</arg>
<doc>Types the given password into the text field identified by ``locator``.</doc>
<msg timestamp="20241118 13:43:45.461" level="INFO">Typing password into text field 'password'.</msg>
<msg timestamp="20241118 13:43:46.532" level="INFO">Temporally setting log level to: NONE</msg>
<msg timestamp="20241118 13:43:47.112" level="INFO">Log level changed from NONE to INFO.</msg>
<status status="PASS" starttime="20241118 13:43:45.461" endtime="20241118 13:43:47.112"/>
</kw>
<status status="PASS" starttime="20241118 13:43:45.461" endtime="20241118 13:43:47.112"/>
</kw>
<kw name="Submit Credentials">
<kw name="Click Button" library="SeleniumLibrary">
<arg>Login</arg>
<doc>Clicks the button identified by ``locator``.</doc>
<msg timestamp="20241118 13:43:47.112" level="INFO">Clicking button 'Login'.</msg>
<status status="PASS" starttime="20241118 13:43:47.112" endtime="20241118 13:43:49.569"/>
</kw>
<status status="PASS" starttime="20241118 13:43:47.112" endtime="20241118 13:43:49.569"/>
</kw>
<kw name="Login Should Fail With Message">
<arg>Invalid username or password</arg>
<kw name="Login Page Should Be Open" library="resource">
<kw name="Title Should Be" library="SeleniumLibrary">
<arg>Login</arg>
<doc>Verifies that the current page title equals ``title``.</doc>
<msg timestamp="20241118 13:43:50.078" level="INFO">Page title is 'Login'.</msg>
<status status="PASS" starttime="20241118 13:43:49.569" endtime="20241118 13:43:50.078"/>
</kw>
<status status="PASS" starttime="20241118 13:43:49.569" endtime="20241118 13:43:50.078"/>
</kw>
<kw name="Page Should Contain" library="SeleniumLibrary">
<arg>${message}</arg>
<doc>Verifies that current page contains ``text``.</doc>
<msg timestamp="20241118 13:43:51.121" level="INFO">Current page contains text 'Invalid username or password'.</msg>
<status status="PASS" starttime="20241118 13:43:50.078" endtime="20241118 13:43:51.121"/>
</kw>
<status status="PASS" starttime="20241118 13:43:49.569" endtime="20241118 13:43:51.121"/>
</kw>
<status status="PASS" starttime="20241118 13:43:37.224" endtime="20241118 13:43:51.121"/>
</test>
<kw name="Close Browser" library="SeleniumLibrary" type="TEARDOWN">
<doc>Closes the current browser.</doc>
<status status="PASS" starttime="20241118 13:43:51.122" endtime="20241118 13:43:53.724"/>
</kw>
<status status="PASS" starttime="20241118 13:43:07.665" endtime="20241118 13:43:53.724"/>
</suite>
<statistics>
<total>
<stat pass="3" fail="0" skip="0">All Tests</stat>
</total>
<tag>
</tag>
<suite>
<stat pass="3" fail="0" skip="0" id="s1" name="Login">Login</stat>
</suite>
</statistics>
<errors>
</errors>
</robot>
