<?xml version="1.0" encoding="UTF-8"?>
<robot generator="Robot 6.1.1 (Python 3.11.9 on win32)" generated="20241118 13:22:40.751" rpa="false" schemaversion="4">
<suite id="s1" name="Home" source="C:\Users\Leone\mluukclone\viikko3\web-login\src\tests\home.robot">
<kw name="Open And Configure Browser" library="resource" type="SETUP">
<if>
<branch type="IF" condition="$BROWSER == 'chrome'">
<kw name="Evaluate" library="BuiltIn">
<var>${options}</var>
<arg>sys.modules['selenium.webdriver'].ChromeOptions()</arg>
<arg>sys</arg>
<doc>Evaluates the given expression in Python and returns the result.</doc>
<msg timestamp="20241118 13:22:41.676" level="INFO">${options} = &lt;selenium.webdriver.chrome.options.Options object at 0x0000013CAFE56B90&gt;</msg>
<status status="PASS" starttime="20241118 13:22:41.676" endtime="20241118 13:22:41.676"/>
</kw>
<status status="PASS" starttime="20241118 13:22:41.676" endtime="20241118 13:22:41.676"/>
</branch>
<branch type="ELSE IF" condition="$BROWSER == 'firefox'">
<kw name="Evaluate" library="BuiltIn">
<var>${options}</var>
<arg>sys.modules['selenium.webdriver'].FirefoxOptions()</arg>
<arg>sys</arg>
<doc>Evaluates the given expression in Python and returns the result.</doc>
<status status="NOT RUN" starttime="20241118 13:22:41.676" endtime="20241118 13:22:41.676"/>
</kw>
<status status="NOT RUN" starttime="20241118 13:22:41.676" endtime="20241118 13:22:41.676"/>
</branch>
<status status="PASS" starttime="20241118 13:22:41.676" endtime="20241118 13:22:41.676"/>
</if>
<if>
<branch type="IF" condition="$HEADLESS == 'true'">
<kw name="Set Selenium Speed" library="SeleniumLibrary">
<arg>0</arg>
<doc>Sets the delay that is waited after each Selenium command.</doc>
<status status="NOT RUN" starttime="20241118 13:22:41.676" endtime="20241118 13:22:41.676"/>
</kw>
<kw name="Call Method" library="BuiltIn">
<arg>${options}</arg>
<arg>add_argument</arg>
<arg>--headless</arg>
<doc>Calls the named method of the given object with the provided arguments.</doc>
<status status="NOT RUN" starttime="20241118 13:22:41.676" endtime="20241118 13:22:41.676"/>
</kw>
<status status="NOT RUN" starttime="20241118 13:22:41.676" endtime="20241118 13:22:41.676"/>
</branch>
<branch type="ELSE">
<kw name="Set Selenium Speed" library="SeleniumLibrary">
<arg>${DELAY}</arg>
<doc>Sets the delay that is waited after each Selenium command.</doc>
<status status="PASS" starttime="20241118 13:22:41.676" endtime="20241118 13:22:41.676"/>
</kw>
<status status="PASS" starttime="20241118 13:22:41.676" endtime="20241118 13:22:41.676"/>
</branch>
<status status="PASS" starttime="20241118 13:22:41.676" endtime="20241118 13:22:41.676"/>
</if>
<kw name="Open Browser" library="SeleniumLibrary">
<arg>browser=${BROWSER}</arg>
<arg>options=${options}</arg>
<doc>Opens a new browser instance to the optional ``url``.</doc>
<msg timestamp="20241118 13:22:41.676" level="INFO">Opening browser 'chrome' to base url 'None'.</msg>
<status status="PASS" starttime="20241118 13:22:41.676" endtime="20241118 13:22:43.309"/>
</kw>
<status status="PASS" starttime="20241118 13:22:41.676" endtime="20241118 13:22:43.309"/>
</kw>
<test id="s1-t1" name="Click Login Link" line="8">
<kw name="Reset Application And Go To Starting Page" type="SETUP">
<kw name="Reset Application" library="AppLibrary">
<status status="PASS" starttime="20241118 13:22:43.310" endtime="20241118 13:22:45.335"/>
</kw>
<kw name="Go To Starting Page" library="resource">
<kw name="Go To" library="SeleniumLibrary">
<arg>${HOME_URL}</arg>
<doc>Navigates the current browser window to the provided ``url``.</doc>
<msg timestamp="20241118 13:22:45.335" level="INFO">Opening url 'http://localhost:5001'</msg>
<status status="PASS" starttime="20241118 13:22:45.335" endtime="20241118 13:22:46.212"/>
</kw>
<status status="PASS" starttime="20241118 13:22:45.335" endtime="20241118 13:22:46.213"/>
</kw>
<status status="PASS" starttime="20241118 13:22:43.310" endtime="20241118 13:22:46.213"/>
</kw>
<kw name="Click Link" library="SeleniumLibrary">
<arg>Login</arg>
<doc>Clicks a link identified by ``locator``.</doc>
<msg timestamp="20241118 13:22:46.213" level="INFO">Clicking link 'Login'.</msg>
<status status="PASS" starttime="20241118 13:22:46.213" endtime="20241118 13:22:47.852"/>
</kw>
<kw name="Login Page Should Be Open" library="resource">
<kw name="Title Should Be" library="SeleniumLibrary">
<arg>Login</arg>
<doc>Verifies that the current page title equals ``title``.</doc>
<msg timestamp="20241118 13:22:48.370" level="INFO">Page title is 'Login'.</msg>
<status status="PASS" starttime="20241118 13:22:47.852" endtime="20241118 13:22:48.370"/>
</kw>
<status status="PASS" starttime="20241118 13:22:47.852" endtime="20241118 13:22:48.370"/>
</kw>
<status status="PASS" starttime="20241118 13:22:43.309" endtime="20241118 13:22:48.370"/>
</test>
<test id="s1-t2" name="Click Register Link" line="12">
<kw name="Reset Application And Go To Starting Page" type="SETUP">
<kw name="Reset Application" library="AppLibrary">
<status status="PASS" starttime="20241118 13:22:48.370" endtime="20241118 13:22:50.390"/>
</kw>
<kw name="Go To Starting Page" library="resource">
<kw name="Go To" library="SeleniumLibrary">
<arg>${HOME_URL}</arg>
<doc>Navigates the current browser window to the provided ``url``.</doc>
<msg timestamp="20241118 13:22:50.390" level="INFO">Opening url 'http://localhost:5001'</msg>
<status status="PASS" starttime="20241118 13:22:50.390" endtime="20241118 13:22:50.937"/>
</kw>
<status status="PASS" starttime="20241118 13:22:50.390" endtime="20241118 13:22:50.937"/>
</kw>
<status status="PASS" starttime="20241118 13:22:48.370" endtime="20241118 13:22:50.937"/>
</kw>
<kw name="Click Link" library="SeleniumLibrary">
<arg>Register new user</arg>
<doc>Clicks a link identified by ``locator``.</doc>
<msg timestamp="20241118 13:22:50.937" level="INFO">Clicking link 'Register new user'.</msg>
<status status="PASS" starttime="20241118 13:22:50.937" endtime="20241118 13:22:52.607"/>
</kw>
<kw name="Register Page Should Be Open" library="resource">
<kw name="Title Should Be" library="SeleniumLibrary">
<arg>Register</arg>
<doc>Verifies that the current page title equals ``title``.</doc>
<msg timestamp="20241118 13:22:53.120" level="INFO">Page title is 'Register'.</msg>
<status status="PASS" starttime="20241118 13:22:52.607" endtime="20241118 13:22:53.120"/>
</kw>
<status status="PASS" starttime="20241118 13:22:52.607" endtime="20241118 13:22:53.120"/>
</kw>
<status status="PASS" starttime="20241118 13:22:48.370" endtime="20241118 13:22:53.120"/>
</test>
<kw name="Close Browser" library="SeleniumLibrary" type="TEARDOWN">
<doc>Closes the current browser.</doc>
<status status="PASS" starttime="20241118 13:22:53.120" endtime="20241118 13:22:55.692"/>
</kw>
<status status="PASS" starttime="20241118 13:22:40.751" endtime="20241118 13:22:55.692"/>
</suite>
<statistics>
<total>
<stat pass="2" fail="0" skip="0">All Tests</stat>
</total>
<tag>
</tag>
<suite>
<stat pass="2" fail="0" skip="0" id="s1" name="Home">Home</stat>
</suite>
</statistics>
<errors>
</errors>
</robot>
